{"name": "test_06_enter_invalid_characters[chromium]", "status": "failed", "statusDetails": {"message": "AssertionError: Expected title 'No Results', but got 'https://www.next.co.il/en/search?w=$%^%23%^&p=1#100'\nassert 'https://www.next.co.il/en/search?w=$%^%23%^&p=1#100' == 'No Results'\n  \n  - No Results\n  + https://www.next.co.il/en/search?w=$%^%23%^&p=1#100", "trace": "self = <tests.test_search_toolbar.TestSearchToolbar object at 0x000001B2E309F390>\nsetup_page_function = None\n\n    def test_06_enter_invalid_characters(self,setup_page_function):\n        self.base_pages.search_toolbar_page.invalid_characters()\n    \n        expected_result=\"No Results\"\n        actual_result=\"https://www.next.co.il/en/search?w=$%^%23%^&p=1#100\"\n        assert f\"{\"Checking whether it is possible to write characters such as #$%^ and this will reveal that it did not find what we asked for-is is reviles results\"}\"\n>       assert actual_result == expected_result, f\"Expected title '{expected_result}', but got '{actual_result}'\"\nE       AssertionError: Expected title 'No Results', but got 'https://www.next.co.il/en/search?w=$%^%23%^&p=1#100'\nE       assert 'https://www.next.co.il/en/search?w=$%^%23%^&p=1#100' == 'No Results'\nE         \nE         - No Results\nE         + https://www.next.co.il/en/search?w=$%^%23%^&p=1#100\n\ntest_search_toolbar.py:29: AssertionError"}, "parameters": [{"name": "browser_name", "value": "'chromium'"}], "start": 1753868530584, "stop": 1753868532349, "uuid": "21c6e68e-7566-4513-97cf-1c8b1728a18f", "historyId": "62022a4371ade146fa60ff0a2b4f51cc", "testCaseId": "f88f07255a667525de71c0e759b919a3", "fullName": "tests.test_search_toolbar.TestSearchToolbar#test_06_enter_invalid_characters", "labels": [{"name": "parentSuite", "value": "tests"}, {"name": "suite", "value": "test_search_toolbar"}, {"name": "subSuite", "value": "TestSearchToolbar"}, {"name": "host", "value": "מירי"}, {"name": "thread", "value": "19912-MainThread"}, {"name": "framework", "value": "pytest"}, {"name": "language", "value": "cpython3"}, {"name": "package", "value": "tests.test_search_toolbar"}], "titlePath": ["tests", "test_search_toolbar.py", "TestSearchToolbar"]}